<?xml version="1.0" encoding="UTF-8"?>
<testsuites name="Runner By Feature" time="582.845" tests="8" failures="0" errors="0">
   <testsuite name="Runner By Feature" tests="8" failures="0" errors="0" time="582.845" skipped="0" timestamp="2022-12-05 18:44:59" hostname="Pegipegi - LAPTOP-BVRAS5I2" id="Test Suites/Cucumber/Runner By Feature">
      <properties>
         <property name="deviceName" value=""/>
         <property name="devicePlatform" value=""/>
         <property name="logFolder" value="D:\\platinum_challange\\secondhand-web\\Reports\\20221205_184449\\Cucumber\\Runner By Feature\\20221205_184449"/>
         <property name="logFiles" value="D:\\platinum_challange\\secondhand-web\\Reports\\20221205_184449\\Cucumber\\Runner By Feature\\20221205_184449\\execution0.log"/>
         <property name="attachments" value=""/>
         <property name="hostName" value="Pegipegi - LAPTOP-BVRAS5I2"/>
         <property name="os" value="Windows 10 64bit"/>
         <property name="katalonVersion" value="8.5.2.208"/>
         <property name="browser" value="Chrome 108.0.0.0"/>
         <property name="hostAddress" value="192.168.1.5"/>
         <property name="sessionId" value="d3e3ee83343aa941bcc4a00ba41db9d8"/>
         <property name="seleniumVersion" value="3.141.59"/>
         <property name="proxyInformation" value="ProxyInformation { proxyOption=NO_PROXY, proxyServerType=HTTP, username=, password=********, proxyServerAddress=, proxyServerPort=0, executionList=&quot;&quot;, isApplyToDesiredCapabilities=true }"/>
         <property name="platform" value="Windows 10"/>
      </properties>
      <testcase name="Test Cases/Cucumber/Runner By Feature/Login" time="86.164" classname="Test Cases/Cucumber/Runner By Feature/Login" status="PASSED">
         <system-out><![CDATA[2022-12-05 18:44:59 - [TEST_CASE][PASSED] - Test Cases/Cucumber/Runner By Feature/Login: Test Cases/Cucumber/Runner By Feature/Login

2022-12-05 18:45:00 - [TEST_STEP][PASSED] - runWithCucumberRunner(Runner_Login): Run with 'Runner_Login' was passed

2022-12-05 18:45:01 - [MESSAGE][INFO] - Starting 'Chrome' driver

2022-12-05 18:45:01 - [MESSAGE][INFO] - Action delay is set to 0 milliseconds

2022-12-05 18:45:10 - [MESSAGE][PASSED] - Browser is opened with url: ''

2022-12-05 18:45:10 - [MESSAGE][PASSED] - Current window maximized

2022-12-05 18:45:14 - [MESSAGE][PASSED] - Navigate to 'https://secondhand-store.herokuapp.com/' successfully

2022-12-05 18:45:17 - [MESSAGE][PASSED] - Object: 'Object Repository/Dashboard Page/button_Masuk' is clicked on

2022-12-05 18:45:18 - [MESSAGE][PASSED] - Object 'Object Repository/Login Page/title_header' is visible

2022-12-05 18:45:18 - [MESSAGE][PASSED] - Object 'Object Repository/Login Page/text_Email' is visible

2022-12-05 18:45:18 - [MESSAGE][PASSED] - Object 'Object Repository/Login Page/input_Email' is visible

2022-12-05 18:45:19 - [MESSAGE][PASSED] - Object 'Object Repository/Login Page/text_Password' is visible

2022-12-05 18:45:19 - [MESSAGE][PASSED] - Object 'Object Repository/Login Page/input_Password' is visible

2022-12-05 18:45:20 - [MESSAGE][PASSED] - Object 'Object Repository/Login Page/button_Masuk' is visible

2022-12-05 18:45:20 - [MESSAGE][PASSED] - Text 'almas.testing@gmail.com' is set on object 'Object Repository/Login Page/input_Email'

2022-12-05 18:45:22 - [MESSAGE][PASSED] - Text '12345678' is set on object 'Object Repository/Login Page/input_Password'

2022-12-05 18:45:22 - [MESSAGE][PASSED] - Object: 'Object Repository/Login Page/button_Masuk' is clicked on

2022-12-05 18:45:24 - [MESSAGE][PASSED] - Object 'Object Repository/Dashboard Page/navlink_daftarjual' is visible

2022-12-05 18:45:24 - [MESSAGE][PASSED] - Object 'Object Repository/Dashboard Page/button_notification' is visible

2022-12-05 18:45:25 - [MESSAGE][PASSED] - Object 'Object Repository/Dashboard Page/button_account' is visible

2022-12-05 18:45:25 - [MESSAGE][WARNING] - A browser is already opened. Closing browser and opening a new one

2022-12-05 18:45:26 - [MESSAGE][INFO] - Starting 'Chrome' driver

2022-12-05 18:45:26 - [MESSAGE][INFO] - Action delay is set to 0 milliseconds

2022-12-05 18:45:27 - [MESSAGE][PASSED] - Browser is opened with url: ''

2022-12-05 18:45:27 - [MESSAGE][PASSED] - Current window maximized

2022-12-05 18:45:32 - [MESSAGE][PASSED] - Navigate to 'https://secondhand-store.herokuapp.com/' successfully

2022-12-05 18:45:35 - [MESSAGE][PASSED] - Object: 'Object Repository/Dashboard Page/button_Masuk' is clicked on

2022-12-05 18:45:36 - [MESSAGE][PASSED] - Object 'Object Repository/Login Page/title_header' is visible

2022-12-05 18:45:36 - [MESSAGE][PASSED] - Object 'Object Repository/Login Page/text_Email' is visible

2022-12-05 18:45:36 - [MESSAGE][PASSED] - Object 'Object Repository/Login Page/input_Email' is visible

2022-12-05 18:45:37 - [MESSAGE][PASSED] - Object 'Object Repository/Login Page/text_Password' is visible

2022-12-05 18:45:37 - [MESSAGE][PASSED] - Object 'Object Repository/Login Page/input_Password' is visible

2022-12-05 18:45:37 - [MESSAGE][PASSED] - Object 'Object Repository/Login Page/button_Masuk' is visible

2022-12-05 18:45:38 - [MESSAGE][PASSED] - Text 'qurates1@yopmail.com' is set on object 'Object Repository/Login Page/input_Email'

2022-12-05 18:45:39 - [MESSAGE][PASSED] - Text 'qwertyuiop' is set on object 'Object Repository/Login Page/input_Password'

2022-12-05 18:45:40 - [MESSAGE][PASSED] - Object: 'Object Repository/Login Page/button_Masuk' is clicked on

2022-12-05 18:45:41 - [MESSAGE][PASSED] - Object 'Object Repository/Dashboard Page/navlink_daftarjual' is visible

2022-12-05 18:45:42 - [MESSAGE][PASSED] - Object 'Object Repository/Dashboard Page/button_notification' is visible

2022-12-05 18:45:43 - [MESSAGE][PASSED] - Object 'Object Repository/Dashboard Page/button_account' is visible

2022-12-05 18:45:43 - [MESSAGE][WARNING] - A browser is already opened. Closing browser and opening a new one

2022-12-05 18:45:44 - [MESSAGE][INFO] - Starting 'Chrome' driver

2022-12-05 18:45:44 - [MESSAGE][INFO] - Action delay is set to 0 milliseconds

2022-12-05 18:45:45 - [MESSAGE][PASSED] - Browser is opened with url: ''

2022-12-05 18:45:45 - [MESSAGE][PASSED] - Current window maximized

2022-12-05 18:45:49 - [MESSAGE][PASSED] - Navigate to 'https://secondhand-store.herokuapp.com/' successfully

2022-12-05 18:45:51 - [MESSAGE][PASSED] - Object: 'Object Repository/Dashboard Page/button_Masuk' is clicked on

2022-12-05 18:45:52 - [MESSAGE][PASSED] - Object 'Object Repository/Login Page/title_header' is visible

2022-12-05 18:45:52 - [MESSAGE][PASSED] - Object 'Object Repository/Login Page/text_Email' is visible

2022-12-05 18:45:53 - [MESSAGE][PASSED] - Object 'Object Repository/Login Page/input_Email' is visible

2022-12-05 18:45:53 - [MESSAGE][PASSED] - Object 'Object Repository/Login Page/text_Password' is visible

2022-12-05 18:45:53 - [MESSAGE][PASSED] - Object 'Object Repository/Login Page/input_Password' is visible

2022-12-05 18:45:54 - [MESSAGE][PASSED] - Object 'Object Repository/Login Page/button_Masuk' is visible

2022-12-05 18:45:54 - [MESSAGE][PASSED] - Text 'safira@gmail.com' is set on object 'Object Repository/Login Page/input_Email'

2022-12-05 18:45:55 - [MESSAGE][PASSED] - Text 'students1234' is set on object 'Object Repository/Login Page/input_Password'

2022-12-05 18:45:55 - [MESSAGE][PASSED] - Object: 'Object Repository/Login Page/button_Masuk' is clicked on

2022-12-05 18:45:57 - [MESSAGE][PASSED] - Object 'Object Repository/Login Page/warning_Akun tidak ditemukan' is visible

2022-12-05 18:45:57 - [MESSAGE][WARNING] - A browser is already opened. Closing browser and opening a new one

2022-12-05 18:45:57 - [MESSAGE][INFO] - Starting 'Chrome' driver

2022-12-05 18:45:57 - [MESSAGE][INFO] - Action delay is set to 0 milliseconds

2022-12-05 18:45:59 - [MESSAGE][PASSED] - Browser is opened with url: ''

2022-12-05 18:45:59 - [MESSAGE][PASSED] - Current window maximized

2022-12-05 18:46:02 - [MESSAGE][PASSED] - Navigate to 'https://secondhand-store.herokuapp.com/' successfully

2022-12-05 18:46:05 - [MESSAGE][PASSED] - Object: 'Object Repository/Dashboard Page/button_Masuk' is clicked on

2022-12-05 18:46:06 - [MESSAGE][PASSED] - Object 'Object Repository/Login Page/title_header' is visible

2022-12-05 18:46:06 - [MESSAGE][PASSED] - Object 'Object Repository/Login Page/text_Email' is visible

2022-12-05 18:46:07 - [MESSAGE][PASSED] - Object 'Object Repository/Login Page/input_Email' is visible

2022-12-05 18:46:07 - [MESSAGE][PASSED] - Object 'Object Repository/Login Page/text_Password' is visible

2022-12-05 18:46:07 - [MESSAGE][PASSED] - Object 'Object Repository/Login Page/input_Password' is visible

2022-12-05 18:46:08 - [MESSAGE][PASSED] - Object 'Object Repository/Login Page/button_Masuk' is visible

2022-12-05 18:46:09 - [MESSAGE][PASSED] - Text 'almas.testing@gmail.com' is set on object 'Object Repository/Login Page/input_Email'

2022-12-05 18:46:09 - [MESSAGE][PASSED] - Text 'abcdefgh' is set on object 'Object Repository/Login Page/input_Password'

2022-12-05 18:46:10 - [MESSAGE][PASSED] - Object: 'Object Repository/Login Page/button_Masuk' is clicked on

2022-12-05 18:46:11 - [MESSAGE][PASSED] - Object 'Object Repository/Login Page/warning_Password anda salah' is visible

2022-12-05 18:46:11 - [MESSAGE][WARNING] - A browser is already opened. Closing browser and opening a new one

2022-12-05 18:46:12 - [MESSAGE][INFO] - Starting 'Chrome' driver

2022-12-05 18:46:12 - [MESSAGE][INFO] - Action delay is set to 0 milliseconds

2022-12-05 18:46:13 - [MESSAGE][PASSED] - Browser is opened with url: ''

2022-12-05 18:46:13 - [MESSAGE][PASSED] - Current window maximized

2022-12-05 18:46:16 - [MESSAGE][PASSED] - Navigate to 'https://secondhand-store.herokuapp.com/' successfully

2022-12-05 18:46:19 - [MESSAGE][PASSED] - Object: 'Object Repository/Dashboard Page/button_Masuk' is clicked on

2022-12-05 18:46:19 - [MESSAGE][PASSED] - Object 'Object Repository/Login Page/title_header' is visible

2022-12-05 18:46:20 - [MESSAGE][PASSED] - Object 'Object Repository/Login Page/text_Email' is visible

2022-12-05 18:46:20 - [MESSAGE][PASSED] - Object 'Object Repository/Login Page/input_Email' is visible

2022-12-05 18:46:21 - [MESSAGE][PASSED] - Object 'Object Repository/Login Page/text_Password' is visible

2022-12-05 18:46:21 - [MESSAGE][PASSED] - Object 'Object Repository/Login Page/input_Password' is visible

2022-12-05 18:46:21 - [MESSAGE][PASSED] - Object 'Object Repository/Login Page/button_Masuk' is visible

2022-12-05 18:46:22 - [MESSAGE][PASSED] - Object: 'Object Repository/Login Page/button_Masuk' is clicked on

2022-12-05 18:46:22 - [MESSAGE][PASSED] - Object 'Object Repository/Login Page/title_header' is visible

2022-12-05 18:46:23 - [MESSAGE][PASSED] - Object 'Object Repository/Login Page/text_Email' is visible

2022-12-05 18:46:23 - [MESSAGE][PASSED] - Object 'Object Repository/Login Page/input_Email' is visible

2022-12-05 18:46:24 - [MESSAGE][PASSED] - Object 'Object Repository/Login Page/text_Password' is visible

2022-12-05 18:46:24 - [MESSAGE][PASSED] - Object 'Object Repository/Login Page/input_Password' is visible

2022-12-05 18:46:25 - [MESSAGE][PASSED] - Object 'Object Repository/Login Page/button_Masuk' is visible

2022-12-05 18:46:25 - [MESSAGE][PASSED] - Browser is closed

2022-12-05 18:46:25 - [MESSAGE][PASSED] - Run with 'Runner_Login' was passed]]></system-out>
         <system-err><![CDATA[]]></system-err>
      </testcase>
      <testcase name="Test Cases/Cucumber/Runner By Feature/Logout" time="17.62" classname="Test Cases/Cucumber/Runner By Feature/Logout" status="PASSED">
         <system-out><![CDATA[2022-12-05 18:46:25 - [TEST_CASE][PASSED] - Test Cases/Cucumber/Runner By Feature/Logout: Test Cases/Cucumber/Runner By Feature/Logout

2022-12-05 18:46:26 - [TEST_STEP][PASSED] - runWithCucumberRunner(Runner_Logout): Run with 'Runner_Logout' was passed

2022-12-05 18:46:26 - [MESSAGE][INFO] - Starting 'Chrome' driver

2022-12-05 18:46:26 - [MESSAGE][INFO] - Action delay is set to 0 milliseconds

2022-12-05 18:46:28 - [MESSAGE][PASSED] - Browser is opened with url: ''

2022-12-05 18:46:28 - [MESSAGE][PASSED] - Current window maximized

2022-12-05 18:46:30 - [MESSAGE][PASSED] - Navigate to 'https://secondhand-store.herokuapp.com/' successfully

2022-12-05 18:46:33 - [MESSAGE][PASSED] - Object: 'Object Repository/Dashboard Page/button_Masuk' is clicked on

2022-12-05 18:46:34 - [MESSAGE][PASSED] - Object 'Object Repository/Login Page/title_header' is visible

2022-12-05 18:46:34 - [MESSAGE][PASSED] - Object 'Object Repository/Login Page/text_Email' is visible

2022-12-05 18:46:35 - [MESSAGE][PASSED] - Object 'Object Repository/Login Page/input_Email' is visible

2022-12-05 18:46:35 - [MESSAGE][PASSED] - Object 'Object Repository/Login Page/text_Password' is visible

2022-12-05 18:46:36 - [MESSAGE][PASSED] - Object 'Object Repository/Login Page/input_Password' is visible

2022-12-05 18:46:36 - [MESSAGE][PASSED] - Object 'Object Repository/Login Page/button_Masuk' is visible

2022-12-05 18:46:37 - [MESSAGE][PASSED] - Text 'almas.testing@gmail.com' is set on object 'Object Repository/Login Page/input_Email'

2022-12-05 18:46:38 - [MESSAGE][PASSED] - Text '12345678' is set on object 'Object Repository/Login Page/input_Password'

2022-12-05 18:46:38 - [MESSAGE][PASSED] - Object: 'Object Repository/Login Page/button_Masuk' is clicked on

2022-12-05 18:46:40 - [MESSAGE][PASSED] - Object 'Object Repository/Dashboard Page/navlink_daftarjual' is visible

2022-12-05 18:46:40 - [MESSAGE][PASSED] - Object 'Object Repository/Dashboard Page/button_notification' is visible

2022-12-05 18:46:41 - [MESSAGE][PASSED] - Object 'Object Repository/Dashboard Page/button_account' is visible

2022-12-05 18:46:41 - [MESSAGE][PASSED] - Object: 'Object Repository/Dashboard Page/icon_profil' is clicked on

2022-12-05 18:46:42 - [MESSAGE][PASSED] - Object: 'Object Repository/Dashboard Page/button_Log Out' is clicked on

2022-12-05 18:46:42 - [MESSAGE][PASSED] - Object: 'Object Repository/Dashboard Page/button_Masuk' is clicked on

2022-12-05 18:46:43 - [MESSAGE][PASSED] - Browser is closed

2022-12-05 18:46:43 - [MESSAGE][PASSED] - Run with 'Runner_Logout' was passed]]></system-out>
         <system-err><![CDATA[]]></system-err>
      </testcase>
      <testcase name="Test Cases/Cucumber/Runner By Feature/Buyer Order" time="79.739" classname="Test Cases/Cucumber/Runner By Feature/Buyer Order" status="PASSED">
         <system-out><![CDATA[2022-12-05 18:46:43 - [TEST_CASE][PASSED] - Test Cases/Cucumber/Runner By Feature/Buyer Order: Test Cases/Cucumber/Runner By Feature/Buyer Order

2022-12-05 18:46:44 - [TEST_STEP][PASSED] - runWithCucumberRunner(Runner_Buyer_Order): Run with 'Runner_Buyer_Order' was passed

2022-12-05 18:46:44 - [MESSAGE][INFO] - Starting 'Chrome' driver

2022-12-05 18:46:44 - [MESSAGE][INFO] - Action delay is set to 0 milliseconds

2022-12-05 18:46:45 - [MESSAGE][PASSED] - Browser is opened with url: ''

2022-12-05 18:46:45 - [MESSAGE][PASSED] - Current window maximized

2022-12-05 18:46:49 - [MESSAGE][PASSED] - Navigate to 'https://secondhand-store.herokuapp.com/' successfully

2022-12-05 18:46:51 - [MESSAGE][PASSED] - Object: 'Object Repository/Dashboard Page/button_Masuk' is clicked on

2022-12-05 18:46:52 - [MESSAGE][PASSED] - Object 'Object Repository/Login Page/title_header' is visible

2022-12-05 18:46:52 - [MESSAGE][PASSED] - Object 'Object Repository/Login Page/text_Email' is visible

2022-12-05 18:46:53 - [MESSAGE][PASSED] - Object 'Object Repository/Login Page/input_Email' is visible

2022-12-05 18:46:53 - [MESSAGE][PASSED] - Object 'Object Repository/Login Page/text_Password' is visible

2022-12-05 18:46:54 - [MESSAGE][PASSED] - Object 'Object Repository/Login Page/input_Password' is visible

2022-12-05 18:46:54 - [MESSAGE][PASSED] - Object 'Object Repository/Login Page/button_Masuk' is visible

2022-12-05 18:46:55 - [MESSAGE][PASSED] - Text 'virtualqwerty67@gmail.com' is set on object 'Object Repository/Login Page/input_Email'

2022-12-05 18:46:56 - [MESSAGE][PASSED] - Text 'qwertyuiop' is set on object 'Object Repository/Login Page/input_Password'

2022-12-05 18:46:56 - [MESSAGE][PASSED] - Object: 'Object Repository/Login Page/button_Masuk' is clicked on

2022-12-05 18:46:58 - [MESSAGE][PASSED] - Object 'Object Repository/Dashboard Page/navlink_daftarjual' is visible

2022-12-05 18:46:59 - [MESSAGE][PASSED] - Object 'Object Repository/Dashboard Page/button_notification' is visible

2022-12-05 18:46:59 - [MESSAGE][PASSED] - Object 'Object Repository/Dashboard Page/button_account' is visible

2022-12-05 18:46:59 - [MESSAGE][PASSED] - Object 'Object Repository/Dashboard Page/List Product on Homepage/Alat Tensi' is visible

2022-12-05 18:47:00 - [MESSAGE][PASSED] - Object 'Object Repository/Dashboard Page/List Product on Homepage/Kamera' is visible

2022-12-05 18:47:00 - [MESSAGE][PASSED] - Object 'Object Repository/Dashboard Page/List Product on Homepage/Kemeja Pria' is visible

2022-12-05 18:47:01 - [MESSAGE][PASSED] - Object 'Object Repository/Dashboard Page/List Product on Homepage/Sarung' is visible

2022-12-05 18:47:01 - [MESSAGE][PASSED] - Object 'Object Repository/Dashboard Page/List Product on Homepage/Sepeda' is visible

2022-12-05 18:47:02 - [MESSAGE][PASSED] - Object: 'Object Repository/Dashboard Page/button_Elektronik' is clicked on

2022-12-05 18:47:03 - [MESSAGE][PASSED] - Object: 'Object Repository/Dashboard Page/Kamera' is clicked on

2022-12-05 18:47:05 - [MESSAGE][PASSED] - Object 'Object Repository/Product Page Buyer/button_Home' is visible

2022-12-05 18:47:06 - [MESSAGE][PASSED] - Object 'Object Repository/Product Page Buyer/img_item' is visible

2022-12-05 18:47:06 - [MESSAGE][PASSED] - Object 'Object Repository/Product Page Buyer/field_deskripsi' is visible

2022-12-05 18:47:06 - [MESSAGE][PASSED] - Object 'Object Repository/Product Page Buyer/button_Saya tertarik dan ingin nego' is visible

2022-12-05 18:47:07 - [MESSAGE][PASSED] - Object 'Object Repository/Product Page Buyer/img_buyer' is visible

2022-12-05 18:47:07 - [MESSAGE][PASSED] - Object 'Object Repository/Product Page Buyer/nama_buyer' is visible

2022-12-05 18:47:07 - [MESSAGE][WARNING] - A browser is already opened. Closing browser and opening a new one

2022-12-05 18:47:08 - [MESSAGE][INFO] - Starting 'Chrome' driver

2022-12-05 18:47:08 - [MESSAGE][INFO] - Action delay is set to 0 milliseconds

2022-12-05 18:47:09 - [MESSAGE][PASSED] - Browser is opened with url: ''

2022-12-05 18:47:09 - [MESSAGE][PASSED] - Current window maximized

2022-12-05 18:47:14 - [MESSAGE][PASSED] - Navigate to 'https://secondhand-store.herokuapp.com/' successfully

2022-12-05 18:47:17 - [MESSAGE][PASSED] - Object: 'Object Repository/Dashboard Page/button_Masuk' is clicked on

2022-12-05 18:47:17 - [MESSAGE][PASSED] - Object 'Object Repository/Login Page/title_header' is visible

2022-12-05 18:47:18 - [MESSAGE][PASSED] - Object 'Object Repository/Login Page/text_Email' is visible

2022-12-05 18:47:18 - [MESSAGE][PASSED] - Object 'Object Repository/Login Page/input_Email' is visible

2022-12-05 18:47:18 - [MESSAGE][PASSED] - Object 'Object Repository/Login Page/text_Password' is visible

2022-12-05 18:47:19 - [MESSAGE][PASSED] - Object 'Object Repository/Login Page/input_Password' is visible

2022-12-05 18:47:19 - [MESSAGE][PASSED] - Object 'Object Repository/Login Page/button_Masuk' is visible

2022-12-05 18:47:20 - [MESSAGE][PASSED] - Text 'virtualqwerty67@gmail.com' is set on object 'Object Repository/Login Page/input_Email'

2022-12-05 18:47:21 - [MESSAGE][PASSED] - Text 'qwertyuiop' is set on object 'Object Repository/Login Page/input_Password'

2022-12-05 18:47:21 - [MESSAGE][PASSED] - Object: 'Object Repository/Login Page/button_Masuk' is clicked on

2022-12-05 18:47:23 - [MESSAGE][PASSED] - Object 'Object Repository/Dashboard Page/navlink_daftarjual' is visible

2022-12-05 18:47:23 - [MESSAGE][PASSED] - Object 'Object Repository/Dashboard Page/button_notification' is visible

2022-12-05 18:47:24 - [MESSAGE][PASSED] - Object 'Object Repository/Dashboard Page/button_account' is visible

2022-12-05 18:47:24 - [MESSAGE][PASSED] - Object: 'Object Repository/Dashboard Page/button_account' is clicked on

2022-12-05 18:47:25 - [MESSAGE][PASSED] - Object: 'Object Repository/Dashboard Page/button_Log Out' is clicked on

2022-12-05 18:47:25 - [MESSAGE][PASSED] - Object 'Object Repository/Dashboard Page/List Product on Homepage/Alat Tensi' is visible

2022-12-05 18:47:25 - [MESSAGE][PASSED] - Object 'Object Repository/Dashboard Page/List Product on Homepage/Kamera' is visible

2022-12-05 18:47:26 - [MESSAGE][PASSED] - Object 'Object Repository/Dashboard Page/List Product on Homepage/Kemeja Pria' is visible

2022-12-05 18:47:26 - [MESSAGE][PASSED] - Object 'Object Repository/Dashboard Page/List Product on Homepage/Sarung' is visible

2022-12-05 18:47:27 - [MESSAGE][PASSED] - Object 'Object Repository/Dashboard Page/List Product on Homepage/Sepeda' is visible

2022-12-05 18:47:27 - [MESSAGE][PASSED] - Object: 'Object Repository/Dashboard Page/button_Elektronik' is clicked on

2022-12-05 18:47:29 - [MESSAGE][PASSED] - Object: 'Object Repository/Dashboard Page/Kamera' is clicked on

2022-12-05 18:47:33 - [MESSAGE][PASSED] - Object: 'Object Repository/Product Page Buyer/button_Saya tertarik dan ingin nego' is clicked on

2022-12-05 18:47:33 - [MESSAGE][PASSED] - Object 'Object Repository/Login Page/title_header' is visible

2022-12-05 18:47:33 - [MESSAGE][PASSED] - Object 'Object Repository/Login Page/text_Email' is visible

2022-12-05 18:47:34 - [MESSAGE][PASSED] - Object 'Object Repository/Login Page/input_Email' is visible

2022-12-05 18:47:34 - [MESSAGE][PASSED] - Object 'Object Repository/Login Page/text_Password' is visible

2022-12-05 18:47:35 - [MESSAGE][PASSED] - Object 'Object Repository/Login Page/input_Password' is visible

2022-12-05 18:47:35 - [MESSAGE][PASSED] - Object 'Object Repository/Login Page/button_Masuk' is visible

2022-12-05 18:47:35 - [MESSAGE][WARNING] - A browser is already opened. Closing browser and opening a new one

2022-12-05 18:47:36 - [MESSAGE][INFO] - Starting 'Chrome' driver

2022-12-05 18:47:36 - [MESSAGE][INFO] - Action delay is set to 0 milliseconds

2022-12-05 18:47:37 - [MESSAGE][PASSED] - Browser is opened with url: ''

2022-12-05 18:47:38 - [MESSAGE][PASSED] - Current window maximized

2022-12-05 18:47:41 - [MESSAGE][PASSED] - Navigate to 'https://secondhand-store.herokuapp.com/' successfully

2022-12-05 18:47:43 - [MESSAGE][PASSED] - Object: 'Object Repository/Dashboard Page/button_Masuk' is clicked on

2022-12-05 18:47:44 - [MESSAGE][PASSED] - Object 'Object Repository/Login Page/title_header' is visible

2022-12-05 18:47:44 - [MESSAGE][PASSED] - Object 'Object Repository/Login Page/text_Email' is visible

2022-12-05 18:47:44 - [MESSAGE][PASSED] - Object 'Object Repository/Login Page/input_Email' is visible

2022-12-05 18:47:45 - [MESSAGE][PASSED] - Object 'Object Repository/Login Page/text_Password' is visible

2022-12-05 18:47:45 - [MESSAGE][PASSED] - Object 'Object Repository/Login Page/input_Password' is visible

2022-12-05 18:47:46 - [MESSAGE][PASSED] - Object 'Object Repository/Login Page/button_Masuk' is visible

2022-12-05 18:47:46 - [MESSAGE][PASSED] - Text 'virtualqwerty67@gmail.com' is set on object 'Object Repository/Login Page/input_Email'

2022-12-05 18:47:47 - [MESSAGE][PASSED] - Text 'qwertyuiop' is set on object 'Object Repository/Login Page/input_Password'

2022-12-05 18:47:48 - [MESSAGE][PASSED] - Object: 'Object Repository/Login Page/button_Masuk' is clicked on

2022-12-05 18:47:49 - [MESSAGE][PASSED] - Object 'Object Repository/Dashboard Page/navlink_daftarjual' is visible

2022-12-05 18:47:49 - [MESSAGE][PASSED] - Object 'Object Repository/Dashboard Page/button_notification' is visible

2022-12-05 18:47:50 - [MESSAGE][PASSED] - Object 'Object Repository/Dashboard Page/button_account' is visible

2022-12-05 18:47:50 - [MESSAGE][PASSED] - Object 'Object Repository/Dashboard Page/List Product on Homepage/Alat Tensi' is visible

2022-12-05 18:47:51 - [MESSAGE][PASSED] - Object 'Object Repository/Dashboard Page/List Product on Homepage/Kamera' is visible

2022-12-05 18:47:51 - [MESSAGE][PASSED] - Object 'Object Repository/Dashboard Page/List Product on Homepage/Kemeja Pria' is visible

2022-12-05 18:47:52 - [MESSAGE][PASSED] - Object 'Object Repository/Dashboard Page/List Product on Homepage/Sarung' is visible

2022-12-05 18:47:52 - [MESSAGE][PASSED] - Object 'Object Repository/Dashboard Page/List Product on Homepage/Sepeda' is visible

2022-12-05 18:47:52 - [MESSAGE][PASSED] - Object: 'Object Repository/Dashboard Page/button_Elektronik' is clicked on

2022-12-05 18:47:54 - [MESSAGE][PASSED] - Object: 'Object Repository/Dashboard Page/Kamera' is clicked on

2022-12-05 18:47:56 - [MESSAGE][PASSED] - Object: 'Object Repository/Product Page Buyer/button_Saya tertarik dan ingin nego' is clicked on

2022-12-05 18:47:57 - [MESSAGE][PASSED] - Text '5000000' is set on object 'Object Repository/Product Page Buyer/input_Harga Tawar'

2022-12-05 18:47:57 - [MESSAGE][PASSED] - Object: 'Object Repository/Product Page Buyer/button_Kirim' is clicked on

2022-12-05 18:47:58 - [MESSAGE][PASSED] - Object 'Object Repository/Product Page Buyer/button_Home' is visible

2022-12-05 18:47:59 - [MESSAGE][PASSED] - Object 'Object Repository/Product Page Buyer/link_daftarjual' is visible

2022-12-05 18:47:59 - [MESSAGE][PASSED] - Object 'Object Repository/Product Page Buyer/button_notification' is visible

2022-12-05 18:48:00 - [MESSAGE][PASSED] - Object 'Object Repository/Product Page Buyer/button_account' is visible

2022-12-05 18:48:00 - [MESSAGE][PASSED] - Object 'Object Repository/Product Page Buyer/img_item' is visible

2022-12-05 18:48:00 - [MESSAGE][PASSED] - Object 'Object Repository/Product Page Buyer/field_deskripsi' is visible

2022-12-05 18:48:01 - [MESSAGE][PASSED] - Object 'Object Repository/Product Page Buyer/img_buyer' is visible

2022-12-05 18:48:01 - [MESSAGE][PASSED] - Object 'Object Repository/Product Page Buyer/nama_buyer' is visible

2022-12-05 18:48:02 - [MESSAGE][PASSED] - Object 'Object Repository/Product Page Buyer/popup_Harga tawarmu berhasil dikirim ke penjual' is visible

2022-12-05 18:48:02 - [MESSAGE][PASSED] - Object 'Object Repository/Product Page Buyer/disabblebutton_Menunggu respon penjual' is visible

2022-12-05 18:48:03 - [MESSAGE][PASSED] - Browser is closed

2022-12-05 18:48:03 - [MESSAGE][PASSED] - Run with 'Runner_Buyer_Order' was passed]]></system-out>
         <system-err><![CDATA[]]></system-err>
      </testcase>
      <testcase name="Test Cases/Cucumber/Runner By Feature/Homepage" time="62.769" classname="Test Cases/Cucumber/Runner By Feature/Homepage" status="PASSED">
         <system-out><![CDATA[2022-12-05 18:48:03 - [TEST_CASE][PASSED] - Test Cases/Cucumber/Runner By Feature/Homepage: Test Cases/Cucumber/Runner By Feature/Homepage

2022-12-05 18:48:03 - [TEST_STEP][PASSED] - runWithCucumberRunner(Runner_Homepage): Run with 'Runner_Homepage' was passed

2022-12-05 18:48:03 - [MESSAGE][INFO] - Starting 'Chrome' driver

2022-12-05 18:48:03 - [MESSAGE][INFO] - Action delay is set to 0 milliseconds

2022-12-05 18:48:05 - [MESSAGE][PASSED] - Browser is opened with url: ''

2022-12-05 18:48:05 - [MESSAGE][PASSED] - Current window maximized

2022-12-05 18:48:08 - [MESSAGE][PASSED] - Navigate to 'https://secondhand-store.herokuapp.com/' successfully

2022-12-05 18:48:10 - [MESSAGE][PASSED] - Object: 'Object Repository/Dashboard Page/button_Masuk' is clicked on

2022-12-05 18:48:11 - [MESSAGE][PASSED] - Text 'linfauziah4455@gmail.com' is set on object 'Object Repository/Login Page/input_Email'

2022-12-05 18:48:12 - [MESSAGE][PASSED] - Text 'Bandung3210' is set on object 'Object Repository/Login Page/input_Password'

2022-12-05 18:48:13 - [MESSAGE][PASSED] - Object: 'Object Repository/Login Page/button_Masuk' is clicked on

2022-12-05 18:48:14 - [MESSAGE][PASSED] - Object 'Object Repository/Home Page/Button_HomePage' is visible

2022-12-05 18:48:15 - [MESSAGE][PASSED] - Object 'Object Repository/Home Page/button_Elektronik' is visible

2022-12-05 18:48:15 - [MESSAGE][PASSED] - Object 'Object Repository/Home Page/button_Hoby' is visible

2022-12-05 18:48:16 - [MESSAGE][PASSED] - Object 'Object Repository/Home Page/button_Kendaraan' is visible

2022-12-05 18:48:16 - [MESSAGE][PASSED] - Object 'Object Repository/Home Page/Display_Iklan_disount' is visible

2022-12-05 18:48:16 - [MESSAGE][WARNING] - A browser is already opened. Closing browser and opening a new one

2022-12-05 18:48:17 - [MESSAGE][INFO] - Starting 'Chrome' driver

2022-12-05 18:48:17 - [MESSAGE][INFO] - Action delay is set to 0 milliseconds

2022-12-05 18:48:18 - [MESSAGE][PASSED] - Browser is opened with url: ''

2022-12-05 18:48:19 - [MESSAGE][PASSED] - Current window maximized

2022-12-05 18:48:21 - [MESSAGE][PASSED] - Navigate to 'https://secondhand-store.herokuapp.com/' successfully

2022-12-05 18:48:24 - [MESSAGE][PASSED] - Object: 'Object Repository/Dashboard Page/button_Masuk' is clicked on

2022-12-05 18:48:25 - [MESSAGE][PASSED] - Text 'linfauziah4455@gmail.com' is set on object 'Object Repository/Login Page/input_Email'

2022-12-05 18:48:25 - [MESSAGE][PASSED] - Text 'Bandung3210' is set on object 'Object Repository/Login Page/input_Password'

2022-12-05 18:48:26 - [MESSAGE][PASSED] - Object: 'Object Repository/Login Page/button_Masuk' is clicked on

2022-12-05 18:48:28 - [MESSAGE][PASSED] - Object 'Object Repository/Home Page/Button_HomePage' is visible

2022-12-05 18:48:28 - [MESSAGE][PASSED] - Object 'Object Repository/Home Page/button_Elektronik' is visible

2022-12-05 18:48:29 - [MESSAGE][PASSED] - Object 'Object Repository/Home Page/button_Hoby' is visible

2022-12-05 18:48:29 - [MESSAGE][PASSED] - Object 'Object Repository/Home Page/button_Kendaraan' is visible

2022-12-05 18:48:30 - [MESSAGE][PASSED] - Object 'Object Repository/Home Page/Display_Iklan_disount' is visible

2022-12-05 18:48:30 - [MESSAGE][PASSED] - Object: 'Object Repository/Home Page/button_Hoby' is clicked on

2022-12-05 18:48:32 - [MESSAGE][PASSED] - Object 'Object Repository/Home Page/Hobby_Action Figures Anime' is visible

2022-12-05 18:48:32 - [MESSAGE][WARNING] - A browser is already opened. Closing browser and opening a new one

2022-12-05 18:48:33 - [MESSAGE][INFO] - Starting 'Chrome' driver

2022-12-05 18:48:33 - [MESSAGE][INFO] - Action delay is set to 0 milliseconds

2022-12-05 18:48:34 - [MESSAGE][PASSED] - Browser is opened with url: ''

2022-12-05 18:48:34 - [MESSAGE][PASSED] - Current window maximized

2022-12-05 18:48:37 - [MESSAGE][PASSED] - Navigate to 'https://secondhand-store.herokuapp.com/' successfully

2022-12-05 18:48:40 - [MESSAGE][PASSED] - Object: 'Object Repository/Dashboard Page/button_Masuk' is clicked on

2022-12-05 18:48:41 - [MESSAGE][PASSED] - Text 'linfauziah4455@gmail.com' is set on object 'Object Repository/Login Page/input_Email'

2022-12-05 18:48:41 - [MESSAGE][PASSED] - Text 'Bandung3210' is set on object 'Object Repository/Login Page/input_Password'

2022-12-05 18:48:42 - [MESSAGE][PASSED] - Object: 'Object Repository/Login Page/button_Masuk' is clicked on

2022-12-05 18:48:45 - [MESSAGE][PASSED] - Object 'Object Repository/Home Page/Button_HomePage' is visible

2022-12-05 18:48:45 - [MESSAGE][PASSED] - Object 'Object Repository/Home Page/button_Elektronik' is visible

2022-12-05 18:48:45 - [MESSAGE][PASSED] - Object 'Object Repository/Home Page/button_Hoby' is visible

2022-12-05 18:48:46 - [MESSAGE][PASSED] - Object 'Object Repository/Home Page/button_Kendaraan' is visible

2022-12-05 18:48:46 - [MESSAGE][PASSED] - Object 'Object Repository/Home Page/Display_Iklan_disount' is visible

2022-12-05 18:48:46 - [MESSAGE][PASSED] - Object: 'Object Repository/Home Page/button_Kendaraan' is clicked on

2022-12-05 18:48:48 - [MESSAGE][PASSED] - Object 'Object Repository/Home Page/Transportation_Sepeda' is visible

2022-12-05 18:48:48 - [MESSAGE][WARNING] - A browser is already opened. Closing browser and opening a new one

2022-12-05 18:48:49 - [MESSAGE][INFO] - Starting 'Chrome' driver

2022-12-05 18:48:49 - [MESSAGE][INFO] - Action delay is set to 0 milliseconds

2022-12-05 18:48:50 - [MESSAGE][PASSED] - Browser is opened with url: ''

2022-12-05 18:48:50 - [MESSAGE][PASSED] - Current window maximized

2022-12-05 18:48:54 - [MESSAGE][PASSED] - Navigate to 'https://secondhand-store.herokuapp.com/' successfully

2022-12-05 18:48:56 - [MESSAGE][PASSED] - Object: 'Object Repository/Dashboard Page/button_Masuk' is clicked on

2022-12-05 18:48:57 - [MESSAGE][PASSED] - Text 'linfauziah4455@gmail.com' is set on object 'Object Repository/Login Page/input_Email'

2022-12-05 18:48:58 - [MESSAGE][PASSED] - Text 'Bandung3210' is set on object 'Object Repository/Login Page/input_Password'

2022-12-05 18:48:59 - [MESSAGE][PASSED] - Object: 'Object Repository/Login Page/button_Masuk' is clicked on

2022-12-05 18:49:01 - [MESSAGE][PASSED] - Object 'Object Repository/Home Page/Button_HomePage' is visible

2022-12-05 18:49:01 - [MESSAGE][PASSED] - Object 'Object Repository/Home Page/button_Elektronik' is visible

2022-12-05 18:49:02 - [MESSAGE][PASSED] - Object 'Object Repository/Home Page/button_Hoby' is visible

2022-12-05 18:49:02 - [MESSAGE][PASSED] - Object 'Object Repository/Home Page/button_Kendaraan' is visible

2022-12-05 18:49:03 - [MESSAGE][PASSED] - Object 'Object Repository/Home Page/Display_Iklan_disount' is visible

2022-12-05 18:49:03 - [MESSAGE][PASSED] - Object: 'Object Repository/Home Page/button_Elektronik' is clicked on

2022-12-05 18:49:05 - [MESSAGE][PASSED] - Object 'Object Repository/Home Page/Electronic_Kamera' is visible

2022-12-05 18:49:06 - [MESSAGE][PASSED] - Browser is closed

2022-12-05 18:49:06 - [MESSAGE][PASSED] - Run with 'Runner_Homepage' was passed]]></system-out>
         <system-err><![CDATA[]]></system-err>
      </testcase>
      <testcase name="Test Cases/Cucumber/Runner By Feature/Notification Buyer" time="93.718" classname="Test Cases/Cucumber/Runner By Feature/Notification Buyer" status="PASSED">
         <system-out><![CDATA[2022-12-05 18:49:06 - [TEST_CASE][PASSED] - Test Cases/Cucumber/Runner By Feature/Notification Buyer: Test Cases/Cucumber/Runner By Feature/Notification Buyer

2022-12-05 18:49:06 - [TEST_STEP][PASSED] - runWithCucumberRunner(Runner_Notification_Buyer): Run with 'Runner_Notification_Buyer' was passed

2022-12-05 18:49:06 - [MESSAGE][INFO] - Starting 'Chrome' driver

2022-12-05 18:49:06 - [MESSAGE][INFO] - Action delay is set to 0 milliseconds

2022-12-05 18:49:08 - [MESSAGE][PASSED] - Browser is opened with url: ''

2022-12-05 18:49:08 - [MESSAGE][PASSED] - Current window maximized

2022-12-05 18:49:12 - [MESSAGE][PASSED] - Navigate to 'https://secondhand-store.herokuapp.com/' successfully

2022-12-05 18:49:17 - [MESSAGE][PASSED] - Object: 'Object Repository/Dashboard Page/button_Masuk' is clicked on

2022-12-05 18:49:18 - [MESSAGE][PASSED] - Object 'Object Repository/Login Page/title_header' is visible

2022-12-05 18:49:18 - [MESSAGE][PASSED] - Object 'Object Repository/Login Page/text_Email' is visible

2022-12-05 18:49:18 - [MESSAGE][PASSED] - Object 'Object Repository/Login Page/input_Email' is visible

2022-12-05 18:49:19 - [MESSAGE][PASSED] - Object 'Object Repository/Login Page/text_Password' is visible

2022-12-05 18:49:19 - [MESSAGE][PASSED] - Object 'Object Repository/Login Page/input_Password' is visible

2022-12-05 18:49:20 - [MESSAGE][PASSED] - Object 'Object Repository/Login Page/button_Masuk' is visible

2022-12-05 18:49:21 - [MESSAGE][PASSED] - Text 'testingbinar001@gmail.com' is set on object 'Object Repository/Login Page/input_Email'

2022-12-05 18:49:21 - [MESSAGE][PASSED] - Text 'binar123' is set on object 'Object Repository/Login Page/input_Password'

2022-12-05 18:49:22 - [MESSAGE][PASSED] - Object: 'Object Repository/Login Page/button_Masuk' is clicked on

2022-12-05 18:49:24 - [MESSAGE][PASSED] - Object 'Object Repository/Dashboard Page/navlink_daftarjual' is visible

2022-12-05 18:49:24 - [MESSAGE][PASSED] - Object 'Object Repository/Dashboard Page/button_notification' is visible

2022-12-05 18:49:25 - [MESSAGE][PASSED] - Object 'Object Repository/Dashboard Page/button_account' is visible

2022-12-05 18:49:25 - [MESSAGE][PASSED] - Object: 'Object Repository/Dashboard Page/button_notification' is clicked on

2022-12-05 18:49:26 - [MESSAGE][PASSED] - Object 'Object Repository/Dashboard Page/PopUp_Notification' is visible

2022-12-05 18:49:26 - [MESSAGE][WARNING] - A browser is already opened. Closing browser and opening a new one

2022-12-05 18:49:27 - [MESSAGE][INFO] - Starting 'Chrome' driver

2022-12-05 18:49:27 - [MESSAGE][INFO] - Action delay is set to 0 milliseconds

2022-12-05 18:49:28 - [MESSAGE][PASSED] - Browser is opened with url: ''

2022-12-05 18:49:28 - [MESSAGE][PASSED] - Current window maximized

2022-12-05 18:49:36 - [MESSAGE][PASSED] - Navigate to 'https://secondhand-store.herokuapp.com/' successfully

2022-12-05 18:49:39 - [MESSAGE][PASSED] - Object: 'Object Repository/Dashboard Page/button_Masuk' is clicked on

2022-12-05 18:49:39 - [MESSAGE][PASSED] - Object 'Object Repository/Login Page/title_header' is visible

2022-12-05 18:49:40 - [MESSAGE][PASSED] - Object 'Object Repository/Login Page/text_Email' is visible

2022-12-05 18:49:40 - [MESSAGE][PASSED] - Object 'Object Repository/Login Page/input_Email' is visible

2022-12-05 18:49:41 - [MESSAGE][PASSED] - Object 'Object Repository/Login Page/text_Password' is visible

2022-12-05 18:49:41 - [MESSAGE][PASSED] - Object 'Object Repository/Login Page/input_Password' is visible

2022-12-05 18:49:41 - [MESSAGE][PASSED] - Object 'Object Repository/Login Page/button_Masuk' is visible

2022-12-05 18:49:42 - [MESSAGE][PASSED] - Text 'testingbinar001@gmail.com' is set on object 'Object Repository/Login Page/input_Email'

2022-12-05 18:49:43 - [MESSAGE][PASSED] - Text 'binar123' is set on object 'Object Repository/Login Page/input_Password'

2022-12-05 18:49:43 - [MESSAGE][PASSED] - Object: 'Object Repository/Login Page/button_Masuk' is clicked on

2022-12-05 18:49:45 - [MESSAGE][PASSED] - Object 'Object Repository/Dashboard Page/navlink_daftarjual' is visible

2022-12-05 18:49:46 - [MESSAGE][PASSED] - Object 'Object Repository/Dashboard Page/button_notification' is visible

2022-12-05 18:49:46 - [MESSAGE][PASSED] - Object 'Object Repository/Dashboard Page/button_account' is visible

2022-12-05 18:49:46 - [MESSAGE][PASSED] - Object: 'Object Repository/Dashboard Page/button_notification' is clicked on

2022-12-05 18:49:47 - [MESSAGE][PASSED] - Object 'Object Repository/Dashboard Page/Notif_Penawaran Produk Buyer' is visible

2022-12-05 18:49:47 - [MESSAGE][WARNING] - A browser is already opened. Closing browser and opening a new one

2022-12-05 18:49:48 - [MESSAGE][INFO] - Starting 'Chrome' driver

2022-12-05 18:49:48 - [MESSAGE][INFO] - Action delay is set to 0 milliseconds

2022-12-05 18:49:50 - [MESSAGE][PASSED] - Browser is opened with url: ''

2022-12-05 18:49:50 - [MESSAGE][PASSED] - Current window maximized

2022-12-05 18:49:53 - [MESSAGE][PASSED] - Navigate to 'https://secondhand-store.herokuapp.com/' successfully

2022-12-05 18:49:55 - [MESSAGE][PASSED] - Object: 'Object Repository/Dashboard Page/button_Masuk' is clicked on

2022-12-05 18:49:56 - [MESSAGE][PASSED] - Object 'Object Repository/Login Page/title_header' is visible

2022-12-05 18:49:56 - [MESSAGE][PASSED] - Object 'Object Repository/Login Page/text_Email' is visible

2022-12-05 18:49:57 - [MESSAGE][PASSED] - Object 'Object Repository/Login Page/input_Email' is visible

2022-12-05 18:49:57 - [MESSAGE][PASSED] - Object 'Object Repository/Login Page/text_Password' is visible

2022-12-05 18:49:57 - [MESSAGE][PASSED] - Object 'Object Repository/Login Page/input_Password' is visible

2022-12-05 18:49:58 - [MESSAGE][PASSED] - Object 'Object Repository/Login Page/button_Masuk' is visible

2022-12-05 18:49:58 - [MESSAGE][PASSED] - Text 'testingbinar001@gmail.com' is set on object 'Object Repository/Login Page/input_Email'

2022-12-05 18:49:59 - [MESSAGE][PASSED] - Text 'binar123' is set on object 'Object Repository/Login Page/input_Password'

2022-12-05 18:49:59 - [MESSAGE][PASSED] - Object: 'Object Repository/Login Page/button_Masuk' is clicked on

2022-12-05 18:50:01 - [MESSAGE][PASSED] - Object 'Object Repository/Dashboard Page/navlink_daftarjual' is visible

2022-12-05 18:50:02 - [MESSAGE][PASSED] - Object 'Object Repository/Dashboard Page/button_notification' is visible

2022-12-05 18:50:03 - [MESSAGE][PASSED] - Object 'Object Repository/Dashboard Page/button_account' is visible

2022-12-05 18:50:03 - [MESSAGE][PASSED] - Object: 'Object Repository/Dashboard Page/button_notification' is clicked on

2022-12-05 18:50:03 - [MESSAGE][WARNING] - Timeout '0' is invalid. Using default page load timeout: '30'

2022-12-05 18:50:04 - [MESSAGE][PASSED] - Scroll to object 'Object Repository/Dashboard Page/Notif_Penawaran Produk Diterima' successfully

2022-12-05 18:50:04 - [MESSAGE][PASSED] - Object 'Object Repository/Dashboard Page/Notif_Penawaran Produk Diterima' is visible

2022-12-05 18:50:04 - [MESSAGE][WARNING] - A browser is already opened. Closing browser and opening a new one

2022-12-05 18:50:05 - [MESSAGE][INFO] - Starting 'Chrome' driver

2022-12-05 18:50:05 - [MESSAGE][INFO] - Action delay is set to 0 milliseconds

2022-12-05 18:50:07 - [MESSAGE][PASSED] - Browser is opened with url: ''

2022-12-05 18:50:07 - [MESSAGE][PASSED] - Current window maximized

2022-12-05 18:50:10 - [MESSAGE][PASSED] - Navigate to 'https://secondhand-store.herokuapp.com/' successfully

2022-12-05 18:50:13 - [MESSAGE][PASSED] - Object: 'Object Repository/Dashboard Page/button_Masuk' is clicked on

2022-12-05 18:50:13 - [MESSAGE][PASSED] - Object 'Object Repository/Login Page/title_header' is visible

2022-12-05 18:50:14 - [MESSAGE][PASSED] - Object 'Object Repository/Login Page/text_Email' is visible

2022-12-05 18:50:14 - [MESSAGE][PASSED] - Object 'Object Repository/Login Page/input_Email' is visible

2022-12-05 18:50:14 - [MESSAGE][PASSED] - Object 'Object Repository/Login Page/text_Password' is visible

2022-12-05 18:50:15 - [MESSAGE][PASSED] - Object 'Object Repository/Login Page/input_Password' is visible

2022-12-05 18:50:15 - [MESSAGE][PASSED] - Object 'Object Repository/Login Page/button_Masuk' is visible

2022-12-05 18:50:16 - [MESSAGE][PASSED] - Text 'testingbinar001@gmail.com' is set on object 'Object Repository/Login Page/input_Email'

2022-12-05 18:50:17 - [MESSAGE][PASSED] - Text 'binar123' is set on object 'Object Repository/Login Page/input_Password'

2022-12-05 18:50:17 - [MESSAGE][PASSED] - Object: 'Object Repository/Login Page/button_Masuk' is clicked on

2022-12-05 18:50:19 - [MESSAGE][PASSED] - Object 'Object Repository/Dashboard Page/navlink_daftarjual' is visible

2022-12-05 18:50:20 - [MESSAGE][PASSED] - Object 'Object Repository/Dashboard Page/button_notification' is visible

2022-12-05 18:50:20 - [MESSAGE][PASSED] - Object 'Object Repository/Dashboard Page/button_account' is visible

2022-12-05 18:50:21 - [MESSAGE][PASSED] - Object: 'Object Repository/Dashboard Page/button_notification' is clicked on

2022-12-05 18:50:21 - [MESSAGE][WARNING] - Timeout '0' is invalid. Using default page load timeout: '30'

2022-12-05 18:50:21 - [MESSAGE][PASSED] - Scroll to object 'Object Repository/Dashboard Page/Notif_Penawaran Produk Ditolak' successfully

2022-12-05 18:50:22 - [MESSAGE][PASSED] - Object 'Object Repository/Dashboard Page/Notif_Penawaran Produk Ditolak' is visible

2022-12-05 18:50:22 - [MESSAGE][WARNING] - A browser is already opened. Closing browser and opening a new one

2022-12-05 18:50:23 - [MESSAGE][INFO] - Starting 'Chrome' driver

2022-12-05 18:50:23 - [MESSAGE][INFO] - Action delay is set to 0 milliseconds

2022-12-05 18:50:24 - [MESSAGE][PASSED] - Browser is opened with url: ''

2022-12-05 18:50:24 - [MESSAGE][PASSED] - Current window maximized

2022-12-05 18:50:28 - [MESSAGE][PASSED] - Navigate to 'https://secondhand-store.herokuapp.com/' successfully

2022-12-05 18:50:30 - [MESSAGE][PASSED] - Object: 'Object Repository/Dashboard Page/button_Masuk' is clicked on

2022-12-05 18:50:30 - [MESSAGE][PASSED] - Object 'Object Repository/Login Page/title_header' is visible

2022-12-05 18:50:31 - [MESSAGE][PASSED] - Object 'Object Repository/Login Page/text_Email' is visible

2022-12-05 18:50:31 - [MESSAGE][PASSED] - Object 'Object Repository/Login Page/input_Email' is visible

2022-12-05 18:50:32 - [MESSAGE][PASSED] - Object 'Object Repository/Login Page/text_Password' is visible

2022-12-05 18:50:32 - [MESSAGE][PASSED] - Object 'Object Repository/Login Page/input_Password' is visible

2022-12-05 18:50:32 - [MESSAGE][PASSED] - Object 'Object Repository/Login Page/button_Masuk' is visible

2022-12-05 18:50:33 - [MESSAGE][PASSED] - Text 'testingbinar001@gmail.com' is set on object 'Object Repository/Login Page/input_Email'

2022-12-05 18:50:34 - [MESSAGE][PASSED] - Text 'binar123' is set on object 'Object Repository/Login Page/input_Password'

2022-12-05 18:50:34 - [MESSAGE][PASSED] - Object: 'Object Repository/Login Page/button_Masuk' is clicked on

2022-12-05 18:50:36 - [MESSAGE][PASSED] - Object 'Object Repository/Dashboard Page/navlink_daftarjual' is visible

2022-12-05 18:50:37 - [MESSAGE][PASSED] - Object 'Object Repository/Dashboard Page/button_notification' is visible

2022-12-05 18:50:37 - [MESSAGE][PASSED] - Object 'Object Repository/Dashboard Page/button_account' is visible

2022-12-05 18:50:37 - [MESSAGE][PASSED] - Object: 'Object Repository/Dashboard Page/button_notification' is clicked on

2022-12-05 18:50:37 - [MESSAGE][WARNING] - Timeout '0' is invalid. Using default page load timeout: '30'

2022-12-05 18:50:38 - [MESSAGE][PASSED] - Scroll to object 'Object Repository/Dashboard Page/Notif_Penawaran Produk Berhasil Disepakati' successfully

2022-12-05 18:50:39 - [MESSAGE][PASSED] - Object 'Object Repository/Dashboard Page/Notif_Penawaran Produk Berhasil Disepakati' is visible

2022-12-05 18:50:39 - [MESSAGE][PASSED] - Browser is closed

2022-12-05 18:50:39 - [MESSAGE][PASSED] - Run with 'Runner_Notification_Buyer' was passed]]></system-out>
         <system-err><![CDATA[]]></system-err>
      </testcase>
      <testcase name="Test Cases/Cucumber/Runner By Feature/Notification Seller" time="35.065" classname="Test Cases/Cucumber/Runner By Feature/Notification Seller" status="PASSED">
         <system-out><![CDATA[2022-12-05 18:50:39 - [TEST_CASE][PASSED] - Test Cases/Cucumber/Runner By Feature/Notification Seller: Test Cases/Cucumber/Runner By Feature/Notification Seller

2022-12-05 18:50:40 - [TEST_STEP][PASSED] - runWithCucumberRunner(Runner_Notification_Seller): Run with 'Runner_Notification_Seller' was passed

2022-12-05 18:50:40 - [MESSAGE][INFO] - Starting 'Chrome' driver

2022-12-05 18:50:40 - [MESSAGE][INFO] - Action delay is set to 0 milliseconds

2022-12-05 18:50:42 - [MESSAGE][PASSED] - Browser is opened with url: ''

2022-12-05 18:50:42 - [MESSAGE][PASSED] - Current window maximized

2022-12-05 18:50:45 - [MESSAGE][PASSED] - Navigate to 'https://secondhand-store.herokuapp.com/' successfully

2022-12-05 18:50:47 - [MESSAGE][PASSED] - Object: 'Object Repository/Dashboard Page/button_Masuk' is clicked on

2022-12-05 18:50:48 - [MESSAGE][PASSED] - Object 'Object Repository/Login Page/title_header' is visible

2022-12-05 18:50:48 - [MESSAGE][PASSED] - Object 'Object Repository/Login Page/text_Email' is visible

2022-12-05 18:50:49 - [MESSAGE][PASSED] - Object 'Object Repository/Login Page/input_Email' is visible

2022-12-05 18:50:49 - [MESSAGE][PASSED] - Object 'Object Repository/Login Page/text_Password' is visible

2022-12-05 18:50:49 - [MESSAGE][PASSED] - Object 'Object Repository/Login Page/input_Password' is visible

2022-12-05 18:50:50 - [MESSAGE][PASSED] - Object 'Object Repository/Login Page/button_Masuk' is visible

2022-12-05 18:50:51 - [MESSAGE][PASSED] - Text 'devipuspita217@gmail.com' is set on object 'Object Repository/Login Page/input_Email'

2022-12-05 18:50:51 - [MESSAGE][PASSED] - Text 'qwertyuiop' is set on object 'Object Repository/Login Page/input_Password'

2022-12-05 18:50:52 - [MESSAGE][PASSED] - Object: 'Object Repository/Login Page/button_Masuk' is clicked on

2022-12-05 18:50:54 - [MESSAGE][PASSED] - Object 'Object Repository/Dashboard Page/navlink_daftarjual' is visible

2022-12-05 18:50:55 - [MESSAGE][PASSED] - Object 'Object Repository/Dashboard Page/button_notification' is visible

2022-12-05 18:50:55 - [MESSAGE][PASSED] - Object 'Object Repository/Dashboard Page/button_account' is visible

2022-12-05 18:50:56 - [MESSAGE][PASSED] - Object: 'Object Repository/Dashboard Page/button_notification' is clicked on

2022-12-05 18:50:57 - [MESSAGE][PASSED] - Object 'Object Repository/Dashboard Page/Notif_Penawaran Produk Seller' is visible

2022-12-05 18:50:57 - [MESSAGE][WARNING] - A browser is already opened. Closing browser and opening a new one

2022-12-05 18:50:57 - [MESSAGE][INFO] - Starting 'Chrome' driver

2022-12-05 18:50:57 - [MESSAGE][INFO] - Action delay is set to 0 milliseconds

2022-12-05 18:50:59 - [MESSAGE][PASSED] - Browser is opened with url: ''

2022-12-05 18:50:59 - [MESSAGE][PASSED] - Current window maximized

2022-12-05 18:51:02 - [MESSAGE][PASSED] - Navigate to 'https://secondhand-store.herokuapp.com/' successfully

2022-12-05 18:51:04 - [MESSAGE][PASSED] - Object: 'Object Repository/Dashboard Page/button_Masuk' is clicked on

2022-12-05 18:51:05 - [MESSAGE][PASSED] - Object 'Object Repository/Login Page/title_header' is visible

2022-12-05 18:51:05 - [MESSAGE][PASSED] - Object 'Object Repository/Login Page/text_Email' is visible

2022-12-05 18:51:06 - [MESSAGE][PASSED] - Object 'Object Repository/Login Page/input_Email' is visible

2022-12-05 18:51:06 - [MESSAGE][PASSED] - Object 'Object Repository/Login Page/text_Password' is visible

2022-12-05 18:51:07 - [MESSAGE][PASSED] - Object 'Object Repository/Login Page/input_Password' is visible

2022-12-05 18:51:07 - [MESSAGE][PASSED] - Object 'Object Repository/Login Page/button_Masuk' is visible

2022-12-05 18:51:08 - [MESSAGE][PASSED] - Text 'devipuspita217@gmail.com' is set on object 'Object Repository/Login Page/input_Email'

2022-12-05 18:51:09 - [MESSAGE][PASSED] - Text 'qwertyuiop' is set on object 'Object Repository/Login Page/input_Password'

2022-12-05 18:51:09 - [MESSAGE][PASSED] - Object: 'Object Repository/Login Page/button_Masuk' is clicked on

2022-12-05 18:51:11 - [MESSAGE][PASSED] - Object 'Object Repository/Dashboard Page/navlink_daftarjual' is visible

2022-12-05 18:51:11 - [MESSAGE][PASSED] - Object 'Object Repository/Dashboard Page/button_notification' is visible

2022-12-05 18:51:12 - [MESSAGE][PASSED] - Object 'Object Repository/Dashboard Page/button_account' is visible

2022-12-05 18:51:12 - [MESSAGE][PASSED] - Object: 'Object Repository/Dashboard Page/button_notification' is clicked on

2022-12-05 18:51:12 - [MESSAGE][WARNING] - Timeout '0' is invalid. Using default page load timeout: '30'

2022-12-05 18:51:13 - [MESSAGE][PASSED] - Scroll to object 'Object Repository/Dashboard Page/Notif_Penawaran Produk Berhasil Disepakati Seller' successfully

2022-12-05 18:51:14 - [MESSAGE][PASSED] - Object 'Object Repository/Dashboard Page/Notif_Penawaran Produk Berhasil Disepakati Seller' is visible

2022-12-05 18:51:14 - [MESSAGE][PASSED] - Browser is closed

2022-12-05 18:51:14 - [MESSAGE][PASSED] - Run with 'Runner_Notification_Seller' was passed]]></system-out>
         <system-err><![CDATA[]]></system-err>
      </testcase>
      <testcase name="Test Cases/Cucumber/Runner By Feature/Profile" time="21.28" classname="Test Cases/Cucumber/Runner By Feature/Profile" status="PASSED">
         <system-out><![CDATA[2022-12-05 18:51:14 - [TEST_CASE][PASSED] - Test Cases/Cucumber/Runner By Feature/Profile: Test Cases/Cucumber/Runner By Feature/Profile

2022-12-05 18:51:15 - [TEST_STEP][PASSED] - runWithCucumberRunner(Runner_Profile): Run with 'Runner_Profile' was passed

2022-12-05 18:51:15 - [MESSAGE][INFO] - Starting 'Chrome' driver

2022-12-05 18:51:15 - [MESSAGE][INFO] - Action delay is set to 0 milliseconds

2022-12-05 18:51:16 - [MESSAGE][PASSED] - Browser is opened with url: ''

2022-12-05 18:51:17 - [MESSAGE][PASSED] - Current window maximized

2022-12-05 18:51:20 - [MESSAGE][PASSED] - Navigate to 'https://secondhand-store.herokuapp.com/' successfully

2022-12-05 18:51:22 - [MESSAGE][PASSED] - Object: 'Object Repository/Dashboard Page/button_Masuk' is clicked on

2022-12-05 18:51:22 - [MESSAGE][PASSED] - Object 'Object Repository/Login Page/title_header' is visible

2022-12-05 18:51:23 - [MESSAGE][PASSED] - Object 'Object Repository/Login Page/text_Email' is visible

2022-12-05 18:51:23 - [MESSAGE][PASSED] - Object 'Object Repository/Login Page/input_Email' is visible

2022-12-05 18:51:24 - [MESSAGE][PASSED] - Object 'Object Repository/Login Page/text_Password' is visible

2022-12-05 18:51:24 - [MESSAGE][PASSED] - Object 'Object Repository/Login Page/input_Password' is visible

2022-12-05 18:51:25 - [MESSAGE][PASSED] - Object 'Object Repository/Login Page/button_Masuk' is visible

2022-12-05 18:51:26 - [MESSAGE][PASSED] - Text 'linfauziah4455@gmail.com' is set on object 'Object Repository/Login Page/input_Email'

2022-12-05 18:51:27 - [MESSAGE][PASSED] - Text 'Bandung3210' is set on object 'Object Repository/Login Page/input_Password'

2022-12-05 18:51:27 - [MESSAGE][PASSED] - Object: 'Object Repository/Login Page/button_Masuk' is clicked on

2022-12-05 18:51:29 - [MESSAGE][PASSED] - Object 'Object Repository/Dashboard Page/navlink_daftarjual' is visible

2022-12-05 18:51:29 - [MESSAGE][PASSED] - Object 'Object Repository/Dashboard Page/button_notification' is visible

2022-12-05 18:51:29 - [MESSAGE][PASSED] - Object 'Object Repository/Dashboard Page/button_account' is visible

2022-12-05 18:51:30 - [MESSAGE][PASSED] - Object: 'Object Repository/Dashboard Page/button_account' is clicked on

2022-12-05 18:51:30 - [MESSAGE][PASSED] - Object: 'Object Repository/Dashboard Page/Button_Profile' is clicked on

2022-12-05 18:51:32 - [MESSAGE][PASSED] - Text 'Lin Fauziah' is set on object 'Object Repository/Profile Page/input_Nama'

2022-12-05 18:51:32 - [MESSAGE][PASSED] - Text 'Bandung' is set on object 'Object Repository/Profile Page/Input_Alamat'

2022-12-05 18:51:33 - [MESSAGE][PASSED] - Text '081585807973' is set on object 'Object Repository/Profile Page/input_Hp'

2022-12-05 18:51:34 - [MESSAGE][PASSED] - Object: 'Object Repository/Profile Page/button_submit' is clicked on

2022-12-05 18:51:35 - [MESSAGE][PASSED] - Object 'Object Repository/Profile Page/Notification_Berhasil update profile' is visible

2022-12-05 18:51:36 - [MESSAGE][PASSED] - Browser is closed

2022-12-05 18:51:36 - [MESSAGE][PASSED] - Run with 'Runner_Profile' was passed]]></system-out>
         <system-err><![CDATA[]]></system-err>
      </testcase>
      <testcase name="Test Cases/Cucumber/Runner By Feature/Seller Product" time="186.045" classname="Test Cases/Cucumber/Runner By Feature/Seller Product" status="PASSED">
         <system-out><![CDATA[2022-12-05 18:51:36 - [TEST_CASE][PASSED] - Test Cases/Cucumber/Runner By Feature/Seller Product: Test Cases/Cucumber/Runner By Feature/Seller Product

2022-12-05 18:51:36 - [TEST_STEP][PASSED] - runWithCucumberRunner(Runner_Seller_Product): Run with 'Runner_Seller_Product' was passed

2022-12-05 18:51:36 - [MESSAGE][INFO] - Starting 'Chrome' driver

2022-12-05 18:51:36 - [MESSAGE][INFO] - Action delay is set to 0 milliseconds

2022-12-05 18:51:38 - [MESSAGE][PASSED] - Browser is opened with url: ''

2022-12-05 18:51:38 - [MESSAGE][PASSED] - Current window maximized

2022-12-05 18:51:41 - [MESSAGE][PASSED] - Navigate to 'https://secondhand-store.herokuapp.com/' successfully

2022-12-05 18:51:43 - [MESSAGE][PASSED] - Object: 'Object Repository/Dashboard Page/button_Masuk' is clicked on

2022-12-05 18:51:44 - [MESSAGE][PASSED] - Object 'Object Repository/Login Page/title_header' is visible

2022-12-05 18:51:44 - [MESSAGE][PASSED] - Object 'Object Repository/Login Page/text_Email' is visible

2022-12-05 18:51:45 - [MESSAGE][PASSED] - Object 'Object Repository/Login Page/input_Email' is visible

2022-12-05 18:51:45 - [MESSAGE][PASSED] - Object 'Object Repository/Login Page/text_Password' is visible

2022-12-05 18:51:45 - [MESSAGE][PASSED] - Object 'Object Repository/Login Page/input_Password' is visible

2022-12-05 18:51:46 - [MESSAGE][PASSED] - Object 'Object Repository/Login Page/button_Masuk' is visible

2022-12-05 18:51:47 - [MESSAGE][PASSED] - Text 'almas.testing@gmail.com' is set on object 'Object Repository/Login Page/input_Email'

2022-12-05 18:51:47 - [MESSAGE][PASSED] - Text '12345678' is set on object 'Object Repository/Login Page/input_Password'

2022-12-05 18:51:48 - [MESSAGE][PASSED] - Object: 'Object Repository/Login Page/button_Masuk' is clicked on

2022-12-05 18:51:50 - [MESSAGE][PASSED] - Object 'Object Repository/Dashboard Page/navlink_daftarjual' is visible

2022-12-05 18:51:50 - [MESSAGE][PASSED] - Object 'Object Repository/Dashboard Page/button_notification' is visible

2022-12-05 18:51:50 - [MESSAGE][PASSED] - Object 'Object Repository/Dashboard Page/button_account' is visible

2022-12-05 18:51:51 - [MESSAGE][PASSED] - Object 'Object Repository/Dashboard Page/navlink_daftarjual' is visible

2022-12-05 18:51:51 - [MESSAGE][PASSED] - Object 'Object Repository/Dashboard Page/button_notification' is visible

2022-12-05 18:51:52 - [MESSAGE][PASSED] - Object 'Object Repository/Dashboard Page/button_account' is visible

2022-12-05 18:51:52 - [MESSAGE][PASSED] - Object: 'Object Repository/Dashboard Page/btn_jual' is clicked on

2022-12-05 18:51:53 - [MESSAGE][PASSED] - Text 'Baju Anak' is set on object 'Object Repository/Product Info Page/input_Nama Produk'

2022-12-05 18:51:54 - [MESSAGE][PASSED] - Text '50000' is set on object 'Object Repository/Product Info Page/input_Harga Produk'

2022-12-05 18:51:55 - [MESSAGE][PASSED] - All options with index in [3] are selected on object 'Object Repository/Product Info Page/select_kategori'

2022-12-05 18:51:56 - [MESSAGE][PASSED] - Text 'Tersedia ukuran S, M, L' is set on object 'Object Repository/Product Info Page/input_Deskripsi'

2022-12-05 18:51:57 - [MESSAGE][PASSED] - File 'D:\platinum_challange\secondhand-web\Image Product\baju anak.jpg' sent to object: 'Object Repository/Product Info Page/Upload'

2022-12-05 18:51:57 - [MESSAGE][PASSED] - Object: 'Object Repository/Product Info Page/button_Terbitkan 1' is clicked on

2022-12-05 18:52:07 - [MESSAGE][PASSED] - Object: 'Object Repository/Dashboard Page/icon_daftarJual' is clicked on

2022-12-05 18:52:11 - [MESSAGE][PASSED] - Object 'Object Repository/Daftar Jual Page/text_Kategori' is visible

2022-12-05 18:52:11 - [MESSAGE][PASSED] - Object 'Object Repository/Daftar Jual Page/text_Daftar Jual Saya' is visible

2022-12-05 18:52:12 - [MESSAGE][PASSED] - Object: 'Object Repository/Daftar Jual Page/Card_Product 1' is clicked on

2022-12-05 18:52:14 - [MESSAGE][PASSED] - Object 'Object Repository/Product Page/text_Deskripsi' is visible

2022-12-05 18:52:15 - [MESSAGE][PASSED] - Browser is closed

2022-12-05 18:52:15 - [MESSAGE][INFO] - Starting 'Chrome' driver

2022-12-05 18:52:15 - [MESSAGE][INFO] - Action delay is set to 0 milliseconds

2022-12-05 18:52:16 - [MESSAGE][PASSED] - Browser is opened with url: ''

2022-12-05 18:52:17 - [MESSAGE][PASSED] - Current window maximized

2022-12-05 18:52:20 - [MESSAGE][PASSED] - Navigate to 'https://secondhand-store.herokuapp.com/' successfully

2022-12-05 18:52:24 - [MESSAGE][PASSED] - Object: 'Object Repository/Dashboard Page/button_Masuk' is clicked on

2022-12-05 18:52:24 - [MESSAGE][PASSED] - Object 'Object Repository/Login Page/title_header' is visible

2022-12-05 18:52:25 - [MESSAGE][PASSED] - Object 'Object Repository/Login Page/text_Email' is visible

2022-12-05 18:52:25 - [MESSAGE][PASSED] - Object 'Object Repository/Login Page/input_Email' is visible

2022-12-05 18:52:25 - [MESSAGE][PASSED] - Object 'Object Repository/Login Page/text_Password' is visible

2022-12-05 18:52:26 - [MESSAGE][PASSED] - Object 'Object Repository/Login Page/input_Password' is visible

2022-12-05 18:52:26 - [MESSAGE][PASSED] - Object 'Object Repository/Login Page/button_Masuk' is visible

2022-12-05 18:52:27 - [MESSAGE][PASSED] - Text 'almas.testing@gmail.com' is set on object 'Object Repository/Login Page/input_Email'

2022-12-05 18:52:28 - [MESSAGE][PASSED] - Text '12345678' is set on object 'Object Repository/Login Page/input_Password'

2022-12-05 18:52:28 - [MESSAGE][PASSED] - Object: 'Object Repository/Login Page/button_Masuk' is clicked on

2022-12-05 18:52:31 - [MESSAGE][PASSED] - Object 'Object Repository/Dashboard Page/navlink_daftarjual' is visible

2022-12-05 18:52:31 - [MESSAGE][PASSED] - Object 'Object Repository/Dashboard Page/button_notification' is visible

2022-12-05 18:52:32 - [MESSAGE][PASSED] - Object 'Object Repository/Dashboard Page/button_account' is visible

2022-12-05 18:52:32 - [MESSAGE][PASSED] - Object 'Object Repository/Dashboard Page/navlink_daftarjual' is visible

2022-12-05 18:52:32 - [MESSAGE][PASSED] - Object 'Object Repository/Dashboard Page/button_notification' is visible

2022-12-05 18:52:33 - [MESSAGE][PASSED] - Object 'Object Repository/Dashboard Page/button_account' is visible

2022-12-05 18:52:33 - [MESSAGE][PASSED] - Object: 'Object Repository/Dashboard Page/btn_jual' is clicked on

2022-12-05 18:52:34 - [MESSAGE][PASSED] - Object: 'Object Repository/Product Info Page/button_Terbitkan 1' is clicked on

2022-12-05 18:52:35 - [MESSAGE][PASSED] - Object 'Object Repository/Product Info Page/label_Harga Produk' is visible

2022-12-05 18:52:36 - [MESSAGE][PASSED] - Browser is closed

2022-12-05 18:52:36 - [MESSAGE][INFO] - Starting 'Chrome' driver

2022-12-05 18:52:36 - [MESSAGE][INFO] - Action delay is set to 0 milliseconds

2022-12-05 18:52:37 - [MESSAGE][PASSED] - Browser is opened with url: ''

2022-12-05 18:52:38 - [MESSAGE][PASSED] - Current window maximized

2022-12-05 18:53:22 - [MESSAGE][PASSED] - Navigate to 'https://secondhand-store.herokuapp.com/' successfully

2022-12-05 18:53:24 - [MESSAGE][PASSED] - Object: 'Object Repository/Dashboard Page/button_Masuk' is clicked on

2022-12-05 18:53:25 - [MESSAGE][PASSED] - Object 'Object Repository/Login Page/title_header' is visible

2022-12-05 18:53:26 - [MESSAGE][PASSED] - Object 'Object Repository/Login Page/text_Email' is visible

2022-12-05 18:53:26 - [MESSAGE][PASSED] - Object 'Object Repository/Login Page/input_Email' is visible

2022-12-05 18:53:26 - [MESSAGE][PASSED] - Object 'Object Repository/Login Page/text_Password' is visible

2022-12-05 18:53:27 - [MESSAGE][PASSED] - Object 'Object Repository/Login Page/input_Password' is visible

2022-12-05 18:53:27 - [MESSAGE][PASSED] - Object 'Object Repository/Login Page/button_Masuk' is visible

2022-12-05 18:53:28 - [MESSAGE][PASSED] - Text 'almas.testing@gmail.com' is set on object 'Object Repository/Login Page/input_Email'

2022-12-05 18:53:29 - [MESSAGE][PASSED] - Text '12345678' is set on object 'Object Repository/Login Page/input_Password'

2022-12-05 18:53:29 - [MESSAGE][PASSED] - Object: 'Object Repository/Login Page/button_Masuk' is clicked on

2022-12-05 18:53:31 - [MESSAGE][PASSED] - Object 'Object Repository/Dashboard Page/navlink_daftarjual' is visible

2022-12-05 18:53:31 - [MESSAGE][PASSED] - Object 'Object Repository/Dashboard Page/button_notification' is visible

2022-12-05 18:53:32 - [MESSAGE][PASSED] - Object 'Object Repository/Dashboard Page/button_account' is visible

2022-12-05 18:53:32 - [MESSAGE][PASSED] - Object 'Object Repository/Dashboard Page/navlink_daftarjual' is visible

2022-12-05 18:53:32 - [MESSAGE][PASSED] - Object 'Object Repository/Dashboard Page/button_notification' is visible

2022-12-05 18:53:33 - [MESSAGE][PASSED] - Object 'Object Repository/Dashboard Page/button_account' is visible

2022-12-05 18:53:33 - [MESSAGE][PASSED] - Object: 'Object Repository/Dashboard Page/icon_daftarJual' is clicked on

2022-12-05 18:53:35 - [MESSAGE][PASSED] - Object 'Object Repository/Daftar Jual Page/text_Kategori' is visible

2022-12-05 18:53:36 - [MESSAGE][PASSED] - Object 'Object Repository/Daftar Jual Page/text_Daftar Jual Saya' is visible

2022-12-05 18:53:37 - [MESSAGE][PASSED] - Browser is closed

2022-12-05 18:53:37 - [MESSAGE][INFO] - Starting 'Chrome' driver

2022-12-05 18:53:37 - [MESSAGE][INFO] - Action delay is set to 0 milliseconds

2022-12-05 18:53:38 - [MESSAGE][PASSED] - Browser is opened with url: ''

2022-12-05 18:53:38 - [MESSAGE][PASSED] - Current window maximized

2022-12-05 18:53:41 - [MESSAGE][PASSED] - Navigate to 'https://secondhand-store.herokuapp.com/' successfully

2022-12-05 18:53:43 - [MESSAGE][PASSED] - Object: 'Object Repository/Dashboard Page/button_Masuk' is clicked on

2022-12-05 18:53:44 - [MESSAGE][PASSED] - Object 'Object Repository/Login Page/title_header' is visible

2022-12-05 18:53:44 - [MESSAGE][PASSED] - Object 'Object Repository/Login Page/text_Email' is visible

2022-12-05 18:53:45 - [MESSAGE][PASSED] - Object 'Object Repository/Login Page/input_Email' is visible

2022-12-05 18:53:45 - [MESSAGE][PASSED] - Object 'Object Repository/Login Page/text_Password' is visible

2022-12-05 18:53:45 - [MESSAGE][PASSED] - Object 'Object Repository/Login Page/input_Password' is visible

2022-12-05 18:53:46 - [MESSAGE][PASSED] - Object 'Object Repository/Login Page/button_Masuk' is visible

2022-12-05 18:53:46 - [MESSAGE][PASSED] - Text 'almas.testing@gmail.com' is set on object 'Object Repository/Login Page/input_Email'

2022-12-05 18:53:47 - [MESSAGE][PASSED] - Text '12345678' is set on object 'Object Repository/Login Page/input_Password'

2022-12-05 18:53:48 - [MESSAGE][PASSED] - Object: 'Object Repository/Login Page/button_Masuk' is clicked on

2022-12-05 18:53:49 - [MESSAGE][PASSED] - Object 'Object Repository/Dashboard Page/navlink_daftarjual' is visible

2022-12-05 18:53:50 - [MESSAGE][PASSED] - Object 'Object Repository/Dashboard Page/button_notification' is visible

2022-12-05 18:53:50 - [MESSAGE][PASSED] - Object 'Object Repository/Dashboard Page/button_account' is visible

2022-12-05 18:53:51 - [MESSAGE][PASSED] - Object: 'Object Repository/Dashboard Page/icon_daftarJual' is clicked on

2022-12-05 18:53:52 - [MESSAGE][PASSED] - Object: 'Object Repository/Daftar Jual Page/Card_Product 1' is clicked on

2022-12-05 18:53:54 - [MESSAGE][PASSED] - Object: 'Object Repository/Product Page/button_Edit' is clicked on

2022-12-05 18:53:55 - [MESSAGE][PASSED] - Text 'Baju Dewasa' is set on object 'Object Repository/Product Info Page/input_Nama Produk'

2022-12-05 18:53:56 - [MESSAGE][PASSED] - Text '200000' is set on object 'Object Repository/Product Info Page/input_Harga Produk'

2022-12-05 18:53:57 - [MESSAGE][PASSED] - All options with index in [4] are selected on object 'Object Repository/Product Info Page/select_kategori'

2022-12-05 18:53:58 - [MESSAGE][PASSED] - Text 'Tersedia ukuran S, M, L, XL, XXL' is set on object 'Object Repository/Product Info Page/input_Deskripsi'

2022-12-05 18:53:59 - [MESSAGE][PASSED] - File 'D:\platinum_challange\secondhand-web\Image Product\baju dewasa.jpg' sent to object: 'Object Repository/Product Info Page/Upload'

2022-12-05 18:53:59 - [MESSAGE][PASSED] - Object: 'Object Repository/Product Info Page/button_Terbitkan 1' is clicked on

2022-12-05 18:54:01 - [MESSAGE][PASSED] - Object: 'Object Repository/Dashboard Page/icon_daftarJual' is clicked on

2022-12-05 18:54:11 - [MESSAGE][PASSED] - Object 'Object Repository/Daftar Jual Page/text_Kategori' is visible

2022-12-05 18:54:11 - [MESSAGE][PASSED] - Object 'Object Repository/Daftar Jual Page/text_Daftar Jual Saya' is visible

2022-12-05 18:54:12 - [MESSAGE][PASSED] - Object: 'Object Repository/Daftar Jual Page/Card_Product' is clicked on

2022-12-05 18:54:14 - [MESSAGE][PASSED] - Object 'Object Repository/Product Page/text_Deskripsi' is visible

2022-12-05 18:54:14 - [MESSAGE][PASSED] - Browser is closed

2022-12-05 18:54:14 - [MESSAGE][INFO] - Starting 'Chrome' driver

2022-12-05 18:54:14 - [MESSAGE][INFO] - Action delay is set to 0 milliseconds

2022-12-05 18:54:16 - [MESSAGE][PASSED] - Browser is opened with url: ''

2022-12-05 18:54:16 - [MESSAGE][PASSED] - Current window maximized

2022-12-05 18:54:19 - [MESSAGE][PASSED] - Navigate to 'https://secondhand-store.herokuapp.com/' successfully

2022-12-05 18:54:23 - [MESSAGE][PASSED] - Object: 'Object Repository/Dashboard Page/button_Masuk' is clicked on

2022-12-05 18:54:23 - [MESSAGE][PASSED] - Object 'Object Repository/Login Page/title_header' is visible

2022-12-05 18:54:23 - [MESSAGE][PASSED] - Object 'Object Repository/Login Page/text_Email' is visible

2022-12-05 18:54:24 - [MESSAGE][PASSED] - Object 'Object Repository/Login Page/input_Email' is visible

2022-12-05 18:54:24 - [MESSAGE][PASSED] - Object 'Object Repository/Login Page/text_Password' is visible

2022-12-05 18:54:25 - [MESSAGE][PASSED] - Object 'Object Repository/Login Page/input_Password' is visible

2022-12-05 18:54:25 - [MESSAGE][PASSED] - Object 'Object Repository/Login Page/button_Masuk' is visible

2022-12-05 18:54:26 - [MESSAGE][PASSED] - Text 'almas.testing@gmail.com' is set on object 'Object Repository/Login Page/input_Email'

2022-12-05 18:54:27 - [MESSAGE][PASSED] - Text '12345678' is set on object 'Object Repository/Login Page/input_Password'

2022-12-05 18:54:27 - [MESSAGE][PASSED] - Object: 'Object Repository/Login Page/button_Masuk' is clicked on

2022-12-05 18:54:29 - [MESSAGE][PASSED] - Object 'Object Repository/Dashboard Page/navlink_daftarjual' is visible

2022-12-05 18:54:29 - [MESSAGE][PASSED] - Object 'Object Repository/Dashboard Page/button_notification' is visible

2022-12-05 18:54:30 - [MESSAGE][PASSED] - Object 'Object Repository/Dashboard Page/button_account' is visible

2022-12-05 18:54:30 - [MESSAGE][PASSED] - Object: 'Object Repository/Dashboard Page/icon_daftarJual' is clicked on

2022-12-05 18:54:32 - [MESSAGE][PASSED] - Object: 'Object Repository/Daftar Jual Page/Card_Product 2' is clicked on

2022-12-05 18:54:34 - [MESSAGE][PASSED] - Object: 'Object Repository/Product Page/button_Hapus' is clicked on

2022-12-05 18:54:37 - [MESSAGE][PASSED] - Object: 'Object Repository/Dashboard Page/icon_daftarJual' is clicked on

2022-12-05 18:54:40 - [MESSAGE][PASSED] - Object 'Object Repository/Daftar Jual Page/text_Kategori' is visible

2022-12-05 18:54:41 - [MESSAGE][PASSED] - Object 'Object Repository/Daftar Jual Page/text_Daftar Jual Saya' is visible

2022-12-05 18:54:42 - [MESSAGE][PASSED] - Browser is closed

2022-12-05 18:54:42 - [MESSAGE][PASSED] - Run with 'Runner_Seller_Product' was passed]]></system-out>
         <system-err><![CDATA[]]></system-err>
      </testcase>
      <system-out><![CDATA[2022-12-05 18:44:59 - [TEST_SUITE][PASSED] - Runner By Feature: Test Cases/Cucumber/Runner By Feature/Seller Product]]></system-out>
      <system-err><![CDATA[]]></system-err>
   </testsuite>
</testsuites>
